#
# There is insufficient memory for the Java Runtime Environment to continue.
# Native memory allocation (malloc) failed to allocate 2214096 bytes for Chunk::new
# Possible reasons:
#   The system is out of physical RAM or swap space
#   The process is running with CompressedOops enabled, and the Java Heap may be blocking the growth of the native heap
# Possible solutions:
#   Reduce memory load on the system
#   Increase physical memory or swap space
#   Check if swap backing store is full
#   Decrease Java heap size (-Xmx/-Xms)
#   Decrease number of Java threads
#   Decrease Java thread stack sizes (-Xss)
#   Set larger code cache with -XX:ReservedCodeCacheSize=
#   JVM is running with Unscaled Compressed Oops mode in which the Java heap is
#     placed in the first 4GB address space. The Java Heap base address is the
#     maximum limit for the native heap growth. Please use -XX:HeapBaseMinAddress
#     to set the Java Heap base and to place the Java Heap above 4GB virtual address.
# This output file may be truncated or incomplete.
#
#  Out of Memory Error (arena.cpp:189), pid=22928, tid=26464
#
# JRE version: Java(TM) SE Runtime Environment (17.0.14+8) (build 17.0.14+8-LTS-191)
# Java VM: Java HotSpot(TM) 64-Bit Server VM (17.0.14+8-LTS-191, mixed mode, sharing, tiered, compressed oops, compressed class ptrs, g1 gc, windows-amd64)
# No core dump will be written. Minidumps are not enabled by default on client versions of Windows
#

---------------  S U M M A R Y ------------

Command Line: C:\Users\ronte\AppData\Local\Temp\surefire7472967290216166911\surefirebooter-20250430213837795_3.jar C:\Users\ronte\AppData\Local\Temp\surefire7472967290216166911 2025-04-30T21-38-37_552-jvmRun1 surefire-20250430213837795_1tmp surefire_0-20250430213837795_2tmp

Host: 12th Gen Intel(R) Core(TM) i5-1240P, 16 cores, 7G,  Windows 11 , 64 bit Build 26100 (10.0.26100.3575)
Time: Wed Apr 30 21:38:51 2025 India Standard Time elapsed time: 13.990959 seconds (0d 0h 0m 13s)

---------------  T H R E A D  ---------------

Current thread (0x000001a643833110):  JavaThread "C2 CompilerThread0" daemon [_thread_in_native, id=26464, stack(0x00000042a9300000,0x00000042a9400000)]


Current CompileTask:
C2:  13991 6449       4       org.antlr.v4.runtime.atn.PredictionContext::mergeArrays (809 bytes)

Stack: [0x00000042a9300000,0x00000042a9400000]
Native frames: (J=compiled Java code, j=interpreted, Vv=VM code, C=native code)
V  [jvm.dll+0x67a38a]
V  [jvm.dll+0x7da7ed]
V  [jvm.dll+0x7dc133]
V  [jvm.dll+0x7dc7a3]
V  [jvm.dll+0x24517f]
V  [jvm.dll+0xab773]
V  [jvm.dll+0xabd3c]
V  [jvm.dll+0x361e4e]
V  [jvm.dll+0x1ba47a]
V  [jvm.dll+0x216a97]
V  [jvm.dll+0x215d6f]
V  [jvm.dll+0x1a2950]
V  [jvm.dll+0x22620b]
V  [jvm.dll+0x2243ab]
V  [jvm.dll+0x790bbc]
V  [jvm.dll+0x78b04a]
V  [jvm.dll+0x679275]
C  [ucrtbase.dll+0x37b0]
C  [KERNEL32.DLL+0x2e8d7]
C  [ntdll.dll+0xb14fc]


---------------  P R O C E S S  ---------------

Threads class SMR info:
_java_thread_list=0x000001a68a700760, length=19, elements={
0x000001a624e1ff80, 0x000001a643815230, 0x000001a643818b20, 0x000001a643830aa0,
0x000001a643831370, 0x000001a643831c40, 0x000001a643832510, 0x000001a643833110,
0x000001a643833ad0, 0x000001a6438353f0, 0x000001a643a0cfb0, 0x000001a643ac5fd0,
0x000001a643acbd30, 0x000001a689129af0, 0x000001a643cbf090, 0x000001a689df7760,
0x000001a68aa2d1e0, 0x000001a68aa2dc00, 0x000001a68aa2e110
}

Java Threads: ( => current thread )
  0x000001a624e1ff80 JavaThread "main" [_thread_in_native, id=26024, stack(0x00000042a8600000,0x00000042a8700000)]
  0x000001a643815230 JavaThread "Reference Handler" daemon [_thread_blocked, id=35400, stack(0x00000042a8d00000,0x00000042a8e00000)]
  0x000001a643818b20 JavaThread "Finalizer" daemon [_thread_blocked, id=18068, stack(0x00000042a8e00000,0x00000042a8f00000)]
  0x000001a643830aa0 JavaThread "Signal Dispatcher" daemon [_thread_blocked, id=2160, stack(0x00000042a8f00000,0x00000042a9000000)]
  0x000001a643831370 JavaThread "Attach Listener" daemon [_thread_blocked, id=1468, stack(0x00000042a9000000,0x00000042a9100000)]
  0x000001a643831c40 JavaThread "Service Thread" daemon [_thread_blocked, id=17272, stack(0x00000042a9100000,0x00000042a9200000)]
  0x000001a643832510 JavaThread "Monitor Deflation Thread" daemon [_thread_blocked, id=26420, stack(0x00000042a9200000,0x00000042a9300000)]
=>0x000001a643833110 JavaThread "C2 CompilerThread0" daemon [_thread_in_native, id=26464, stack(0x00000042a9300000,0x00000042a9400000)]
  0x000001a643833ad0 JavaThread "C1 CompilerThread0" daemon [_thread_blocked, id=19860, stack(0x00000042a9400000,0x00000042a9500000)]
  0x000001a6438353f0 JavaThread "Sweeper thread" daemon [_thread_blocked, id=6524, stack(0x00000042a9500000,0x00000042a9600000)]
  0x000001a643a0cfb0 JavaThread "C1 CompilerThread1" daemon [_thread_blocked, id=11864, stack(0x00000042a9600000,0x00000042a9700000)]
  0x000001a643ac5fd0 JavaThread "Notification Thread" daemon [_thread_blocked, id=34380, stack(0x00000042a9700000,0x00000042a9800000)]
  0x000001a643acbd30 JavaThread "Common-Cleaner" daemon [_thread_blocked, id=33704, stack(0x00000042a9900000,0x00000042a9a00000)]
  0x000001a689129af0 JavaThread "surefire-forkedjvm-stream-flusher" daemon [_thread_blocked, id=6844, stack(0x00000042a9a00000,0x00000042a9b00000)]
  0x000001a643cbf090 JavaThread "surefire-forkedjvm-command-thread" daemon [_thread_in_native, id=33640, stack(0x00000042a9b00000,0x00000042a9c00000)]
  0x000001a689df7760 JavaThread "C1 CompilerThread2" daemon [_thread_blocked, id=28800, stack(0x00000042aa800000,0x00000042aa900000)]
  0x000001a68aa2d1e0 JavaThread "PostgreSQL-JDBC-Cleaner" daemon [_thread_blocked, id=25028, stack(0x00000042aae00000,0x00000042aaf00000)]
  0x000001a68aa2dc00 JavaThread "HikariPool-1 housekeeper" daemon [_thread_blocked, id=22060, stack(0x00000042aaf00000,0x00000042ab000000)]
  0x000001a68aa2e110 JavaThread "HikariPool-1 connection adder" daemon [_thread_blocked, id=21580, stack(0x00000042ab000000,0x00000042ab100000)]

Other Threads:
  0x000001a643811980 VMThread "VM Thread" [stack: 0x00000042a8c00000,0x00000042a8d00000] [id=14504]
  0x000001a643ac6cd0 WatcherThread [stack: 0x00000042a9800000,0x00000042a9900000] [id=7804]
  0x000001a624e79190 GCTaskThread "GC Thread#0" [stack: 0x00000042a8700000,0x00000042a8800000] [id=27444]
  0x000001a689956b80 GCTaskThread "GC Thread#1" [stack: 0x00000042a9c00000,0x00000042a9d00000] [id=1868]
  0x000001a68980c1d0 GCTaskThread "GC Thread#2" [stack: 0x00000042a9d00000,0x00000042a9e00000] [id=12432]
  0x000001a68996cbb0 GCTaskThread "GC Thread#3" [stack: 0x00000042a9e00000,0x00000042a9f00000] [id=33132]
  0x000001a68999f1e0 GCTaskThread "GC Thread#4" [stack: 0x00000042a9f00000,0x00000042aa000000] [id=5948]
  0x000001a68999f4a0 GCTaskThread "GC Thread#5" [stack: 0x00000042aa000000,0x00000042aa100000] [id=20536]
  0x000001a6899a1770 GCTaskThread "GC Thread#6" [stack: 0x00000042aa100000,0x00000042aa200000] [id=35476]
  0x000001a6899a1a30 GCTaskThread "GC Thread#7" [stack: 0x00000042aa200000,0x00000042aa300000] [id=16744]
  0x000001a689c80270 GCTaskThread "GC Thread#8" [stack: 0x00000042aa300000,0x00000042aa400000] [id=26596]
  0x000001a6898de030 GCTaskThread "GC Thread#9" [stack: 0x00000042aa400000,0x00000042aa500000] [id=3196]
  0x000001a689e62b30 GCTaskThread "GC Thread#10" [stack: 0x00000042aa500000,0x00000042aa600000] [id=35684]
  0x000001a68a72dbd0 GCTaskThread "GC Thread#11" [stack: 0x00000042aa600000,0x00000042aa700000] [id=7064]
  0x000001a68a6cc0e0 GCTaskThread "GC Thread#12" [stack: 0x00000042aaa00000,0x00000042aab00000] [id=27088]
  0x000001a624e8c2a0 ConcurrentGCThread "G1 Main Marker" [stack: 0x00000042a8800000,0x00000042a8900000] [id=17684]
  0x000001a624e8da70 ConcurrentGCThread "G1 Conc#0" [stack: 0x00000042a8900000,0x00000042a8a00000] [id=25728]
  0x000001a68aafd3e0 ConcurrentGCThread "G1 Conc#1" [stack: 0x00000042aab00000,0x00000042aac00000] [id=28128]
  0x000001a68aafbb20 ConcurrentGCThread "G1 Conc#2" [stack: 0x00000042aac00000,0x00000042aad00000] [id=22956]
  0x000001a6436b9100 ConcurrentGCThread "G1 Refine#0" [stack: 0x00000042a8a00000,0x00000042a8b00000] [id=27492]
  0x000001a6436b97e0 ConcurrentGCThread "G1 Service" [stack: 0x00000042a8b00000,0x00000042a8c00000] [id=10904]

Threads with active compile tasks:
C2 CompilerThread0    14059 6449       4       org.antlr.v4.runtime.atn.PredictionContext::mergeArrays (809 bytes)

VM state: not at safepoint (normal execution)

VM Mutex/Monitor currently owned by a thread: None

Heap address: 0x0000000085200000, size: 1966 MB, Compressed Oops mode: 32-bit

CDS archive(s) mapped at: [0x000001a644000000-0x000001a644bd0000-0x000001a644bd0000), size 12386304, SharedBaseAddress: 0x000001a644000000, ArchiveRelocationMode: 1.
Compressed class space mapped at: 0x000001a645000000-0x000001a685000000, reserved size: 1073741824
Narrow klass base: 0x000001a644000000, Narrow klass shift: 0, Narrow klass range: 0x100000000

GC Precious Log:
 CPUs: 16 total, 16 available
 Memory: 7860M
 Large Page Support: Disabled
 NUMA Support: Disabled
 Compressed Oops: Enabled (32-bit)
 Heap Region Size: 1M
 Heap Min Capacity: 8M
 Heap Initial Capacity: 124M
 Heap Max Capacity: 1966M
 Pre-touch: Disabled
 Parallel Workers: 13
 Concurrent Workers: 3
 Concurrent Refinement Workers: 13
 Periodic GC: Disabled

Heap:
 garbage-first heap   total 81920K, used 45303K [0x0000000085200000, 0x0000000100000000)
  region size 1024K, 21 young (21504K), 5 survivors (5120K)
 Metaspace       used 69948K, committed 70528K, reserved 1114112K
  class space    used 9906K, committed 10176K, reserved 1048576K

Heap Regions: E=young(eden), S=young(survivor), O=old, HS=humongous(starts), HC=humongous(continues), CS=collection set, F=free, OA=open archive, CA=closed archive, TAMS=top-at-mark-start (previous, next)
|   0|0x0000000085200000, 0x0000000085300000, 0x0000000085300000|100%|HS|  |TAMS 0x0000000085300000, 0x0000000085200000| Complete 
|   1|0x0000000085300000, 0x0000000085400000, 0x0000000085400000|100%|HS|  |TAMS 0x0000000085400000, 0x0000000085300000| Complete 
|   2|0x0000000085400000, 0x0000000085500000, 0x0000000085500000|100%| O|  |TAMS 0x0000000085500000, 0x0000000085400000| Untracked 
|   3|0x0000000085500000, 0x0000000085600000, 0x0000000085600000|100%| O|  |TAMS 0x0000000085600000, 0x0000000085500000| Untracked 
|   4|0x0000000085600000, 0x0000000085700000, 0x0000000085700000|100%| O|  |TAMS 0x0000000085700000, 0x0000000085600000| Untracked 
|   5|0x0000000085700000, 0x0000000085800000, 0x0000000085800000|100%| O|  |TAMS 0x0000000085800000, 0x0000000085700000| Untracked 
|   6|0x0000000085800000, 0x0000000085900000, 0x0000000085900000|100%| O|  |TAMS 0x0000000085900000, 0x0000000085800000| Untracked 
|   7|0x0000000085900000, 0x0000000085a00000, 0x0000000085a00000|100%| O|  |TAMS 0x0000000085a00000, 0x0000000085900000| Untracked 
|   8|0x0000000085a00000, 0x0000000085b00000, 0x0000000085b00000|100%| O|  |TAMS 0x0000000085b00000, 0x0000000085a00000| Untracked 
|   9|0x0000000085b00000, 0x0000000085c00000, 0x0000000085c00000|100%| O|  |TAMS 0x0000000085c00000, 0x0000000085b00000| Untracked 
|  10|0x0000000085c00000, 0x0000000085d00000, 0x0000000085d00000|100%| O|  |TAMS 0x0000000085d00000, 0x0000000085c00000| Untracked 
|  11|0x0000000085d00000, 0x0000000085e00000, 0x0000000085e00000|100%| O|  |TAMS 0x0000000085e00000, 0x0000000085d00000| Untracked 
|  12|0x0000000085e00000, 0x0000000085f00000, 0x0000000085f00000|100%| O|  |TAMS 0x0000000085f00000, 0x0000000085e00000| Untracked 
|  13|0x0000000085f00000, 0x0000000086000000, 0x0000000086000000|100%| O|  |TAMS 0x0000000086000000, 0x0000000085f00000| Untracked 
|  14|0x0000000086000000, 0x0000000086100000, 0x0000000086100000|100%| O|  |TAMS 0x0000000086100000, 0x0000000086000000| Untracked 
|  15|0x0000000086100000, 0x0000000086200000, 0x0000000086200000|100%| O|  |TAMS 0x0000000086200000, 0x0000000086100000| Untracked 
|  16|0x0000000086200000, 0x0000000086300000, 0x0000000086300000|100%| O|  |TAMS 0x0000000086200000, 0x0000000086200000| Untracked 
|  17|0x0000000086300000, 0x0000000086400000, 0x0000000086400000|100%| O|  |TAMS 0x0000000086400000, 0x0000000086300000| Untracked 
|  18|0x0000000086400000, 0x0000000086500000, 0x0000000086500000|100%| O|  |TAMS 0x0000000086500000, 0x0000000086400000| Untracked 
|  19|0x0000000086500000, 0x0000000086600000, 0x0000000086600000|100%| O|  |TAMS 0x0000000086600000, 0x0000000086500000| Untracked 
|  20|0x0000000086600000, 0x0000000086700000, 0x0000000086700000|100%| O|  |TAMS 0x0000000086700000, 0x0000000086600000| Untracked 
|  21|0x0000000086700000, 0x0000000086800000, 0x0000000086800000|100%| O|  |TAMS 0x0000000086800000, 0x0000000086700000| Untracked 
|  22|0x0000000086800000, 0x0000000086900000, 0x0000000086900000|100%| O|  |TAMS 0x00000000868ca600, 0x0000000086800000| Untracked 
|  23|0x0000000086900000, 0x0000000086a00000, 0x0000000086a00000|100%| O|  |TAMS 0x0000000086900000, 0x0000000086900000| Untracked 
|  24|0x0000000086a00000, 0x0000000086ab2a00, 0x0000000086b00000| 69%| O|  |TAMS 0x0000000086a00000, 0x0000000086a00000| Untracked 
|  25|0x0000000086b00000, 0x0000000086b00000, 0x0000000086c00000|  0%| F|  |TAMS 0x0000000086b00000, 0x0000000086b00000| Untracked 
|  26|0x0000000086c00000, 0x0000000086c00000, 0x0000000086d00000|  0%| F|  |TAMS 0x0000000086c00000, 0x0000000086c00000| Untracked 
|  27|0x0000000086d00000, 0x0000000086d00000, 0x0000000086e00000|  0%| F|  |TAMS 0x0000000086d00000, 0x0000000086d00000| Untracked 
|  28|0x0000000086e00000, 0x0000000086e00000, 0x0000000086f00000|  0%| F|  |TAMS 0x0000000086e00000, 0x0000000086e00000| Untracked 
|  29|0x0000000086f00000, 0x0000000086f00000, 0x0000000087000000|  0%| F|  |TAMS 0x0000000086f00000, 0x0000000086f00000| Untracked 
|  30|0x0000000087000000, 0x0000000087000000, 0x0000000087100000|  0%| F|  |TAMS 0x0000000087000000, 0x0000000087000000| Untracked 
|  31|0x0000000087100000, 0x0000000087100000, 0x0000000087200000|  0%| F|  |TAMS 0x0000000087100000, 0x0000000087100000| Untracked 
|  32|0x0000000087200000, 0x0000000087200000, 0x0000000087300000|  0%| F|  |TAMS 0x0000000087200000, 0x0000000087200000| Untracked 
|  33|0x0000000087300000, 0x0000000087300000, 0x0000000087400000|  0%| F|  |TAMS 0x0000000087300000, 0x0000000087300000| Untracked 
|  34|0x0000000087400000, 0x0000000087400000, 0x0000000087500000|  0%| F|  |TAMS 0x0000000087400000, 0x0000000087400000| Untracked 
|  35|0x0000000087500000, 0x0000000087500000, 0x0000000087600000|  0%| F|  |TAMS 0x0000000087500000, 0x0000000087500000| Untracked 
|  36|0x0000000087600000, 0x0000000087600000, 0x0000000087700000|  0%| F|  |TAMS 0x0000000087600000, 0x0000000087600000| Untracked 
|  37|0x0000000087700000, 0x0000000087700000, 0x0000000087800000|  0%| F|  |TAMS 0x0000000087700000, 0x0000000087700000| Untracked 
|  38|0x0000000087800000, 0x0000000087800000, 0x0000000087900000|  0%| F|  |TAMS 0x0000000087800000, 0x0000000087800000| Untracked 
|  39|0x0000000087900000, 0x000000008798b358, 0x0000000087a00000| 54%| S|CS|TAMS 0x0000000087900000, 0x0000000087900000| Complete 
|  40|0x0000000087a00000, 0x0000000087b00000, 0x0000000087b00000|100%| S|CS|TAMS 0x0000000087a00000, 0x0000000087a00000| Complete 
|  41|0x0000000087b00000, 0x0000000087c00000, 0x0000000087c00000|100%| S|CS|TAMS 0x0000000087b00000, 0x0000000087b00000| Complete 
|  42|0x0000000087c00000, 0x0000000087d00000, 0x0000000087d00000|100%| S|CS|TAMS 0x0000000087c00000, 0x0000000087c00000| Complete 
|  43|0x0000000087d00000, 0x0000000087e00000, 0x0000000087e00000|100%| S|CS|TAMS 0x0000000087d00000, 0x0000000087d00000| Complete 
|  44|0x0000000087e00000, 0x0000000087e00000, 0x0000000087f00000|  0%| F|  |TAMS 0x0000000087e00000, 0x0000000087e00000| Untracked 
|  45|0x0000000087f00000, 0x0000000087f00000, 0x0000000088000000|  0%| F|  |TAMS 0x0000000087f00000, 0x0000000087f00000| Untracked 
|  46|0x0000000088000000, 0x0000000088000000, 0x0000000088100000|  0%| F|  |TAMS 0x0000000088000000, 0x0000000088000000| Untracked 
|  47|0x0000000088100000, 0x0000000088100000, 0x0000000088200000|  0%| F|  |TAMS 0x0000000088100000, 0x0000000088100000| Untracked 
|  48|0x0000000088200000, 0x0000000088200000, 0x0000000088300000|  0%| F|  |TAMS 0x0000000088200000, 0x0000000088200000| Untracked 
|  49|0x0000000088300000, 0x0000000088300000, 0x0000000088400000|  0%| F|  |TAMS 0x0000000088300000, 0x0000000088300000| Untracked 
|  50|0x0000000088400000, 0x0000000088400000, 0x0000000088500000|  0%| F|  |TAMS 0x0000000088400000, 0x0000000088400000| Untracked 
|  51|0x0000000088500000, 0x0000000088500000, 0x0000000088600000|  0%| F|  |TAMS 0x0000000088500000, 0x0000000088500000| Untracked 
|  52|0x0000000088600000, 0x0000000088600000, 0x0000000088700000|  0%| F|  |TAMS 0x0000000088600000, 0x0000000088600000| Untracked 
|  53|0x0000000088700000, 0x0000000088700000, 0x0000000088800000|  0%| F|  |TAMS 0x0000000088700000, 0x0000000088700000| Untracked 
|  54|0x0000000088800000, 0x0000000088800000, 0x0000000088900000|  0%| F|  |TAMS 0x0000000088800000, 0x0000000088800000| Untracked 
|  55|0x0000000088900000, 0x0000000088900000, 0x0000000088a00000|  0%| F|  |TAMS 0x0000000088900000, 0x0000000088900000| Untracked 
|  56|0x0000000088a00000, 0x0000000088a00000, 0x0000000088b00000|  0%| F|  |TAMS 0x0000000088a00000, 0x0000000088a00000| Untracked 
|  57|0x0000000088b00000, 0x0000000088b00000, 0x0000000088c00000|  0%| F|  |TAMS 0x0000000088b00000, 0x0000000088b00000| Untracked 
|  58|0x0000000088c00000, 0x0000000088c00000, 0x0000000088d00000|  0%| F|  |TAMS 0x0000000088c00000, 0x0000000088c00000| Untracked 
|  59|0x0000000088d00000, 0x0000000088d00000, 0x0000000088e00000|  0%| F|  |TAMS 0x0000000088d00000, 0x0000000088d00000| Untracked 
|  60|0x0000000088e00000, 0x0000000088e00000, 0x0000000088f00000|  0%| F|  |TAMS 0x0000000088e00000, 0x0000000088e00000| Untracked 
|  61|0x0000000088f00000, 0x0000000088f00000, 0x0000000089000000|  0%| F|  |TAMS 0x0000000088f00000, 0x0000000088f00000| Untracked 
|  62|0x0000000089000000, 0x0000000089000000, 0x0000000089100000|  0%| F|  |TAMS 0x0000000089000000, 0x0000000089000000| Untracked 
|  63|0x0000000089100000, 0x0000000089100000, 0x0000000089200000|  0%| F|  |TAMS 0x0000000089100000, 0x0000000089100000| Untracked 
|  64|0x0000000089200000, 0x0000000089280800, 0x0000000089300000| 50%| E|  |TAMS 0x0000000089200000, 0x0000000089200000| Complete 
|  65|0x0000000089300000, 0x0000000089400000, 0x0000000089400000|100%| E|CS|TAMS 0x0000000089300000, 0x0000000089300000| Complete 
|  66|0x0000000089400000, 0x0000000089500000, 0x0000000089500000|100%| E|CS|TAMS 0x0000000089400000, 0x0000000089400000| Complete 
|  67|0x0000000089500000, 0x0000000089600000, 0x0000000089600000|100%| E|CS|TAMS 0x0000000089500000, 0x0000000089500000| Complete 
|  68|0x0000000089600000, 0x0000000089700000, 0x0000000089700000|100%| E|CS|TAMS 0x0000000089600000, 0x0000000089600000| Complete 
|  69|0x0000000089700000, 0x0000000089800000, 0x0000000089800000|100%| E|CS|TAMS 0x0000000089700000, 0x0000000089700000| Complete 
|  70|0x0000000089800000, 0x0000000089900000, 0x0000000089900000|100%| E|CS|TAMS 0x0000000089800000, 0x0000000089800000| Complete 
|  71|0x0000000089900000, 0x0000000089a00000, 0x0000000089a00000|100%| E|CS|TAMS 0x0000000089900000, 0x0000000089900000| Complete 
|  72|0x0000000089a00000, 0x0000000089b00000, 0x0000000089b00000|100%| E|CS|TAMS 0x0000000089a00000, 0x0000000089a00000| Complete 
|  73|0x0000000089b00000, 0x0000000089c00000, 0x0000000089c00000|100%| E|CS|TAMS 0x0000000089b00000, 0x0000000089b00000| Complete 
|  74|0x0000000089c00000, 0x0000000089d00000, 0x0000000089d00000|100%| E|CS|TAMS 0x0000000089c00000, 0x0000000089c00000| Complete 
|  75|0x0000000089d00000, 0x0000000089e00000, 0x0000000089e00000|100%| E|CS|TAMS 0x0000000089d00000, 0x0000000089d00000| Complete 
|  76|0x0000000089e00000, 0x0000000089f00000, 0x0000000089f00000|100%| E|CS|TAMS 0x0000000089e00000, 0x0000000089e00000| Complete 
|  77|0x0000000089f00000, 0x000000008a000000, 0x000000008a000000|100%| E|CS|TAMS 0x0000000089f00000, 0x0000000089f00000| Complete 
|  78|0x000000008a000000, 0x000000008a100000, 0x000000008a100000|100%| E|CS|TAMS 0x000000008a000000, 0x000000008a000000| Complete 
| 123|0x000000008cd00000, 0x000000008ce00000, 0x000000008ce00000|100%| E|CS|TAMS 0x000000008cd00000, 0x000000008cd00000| Complete 

Card table byte_map: [0x000001a63c360000,0x000001a63c740000] _byte_map_base: 0x000001a63bf37000

Marking Bits (Prev, Next): (CMBitMap*) 0x000001a624e7a710, (CMBitMap*) 0x000001a624e7a6d0
 Prev Bits: [0x000001a63e9e0000, 0x000001a640898000)
 Next Bits: [0x000001a63cb20000, 0x000001a63e9d8000)

Polling page: 0x000001a622d30000

Metaspace:

Usage:
  Non-class:     58.65 MB used.
      Class:      9.68 MB used.
       Both:     68.33 MB used.

Virtual space:
  Non-class space:       64.00 MB reserved,      59.00 MB ( 92%) committed,  1 nodes.
      Class space:        1.00 GB reserved,       9.94 MB ( <1%) committed,  1 nodes.
             Both:        1.06 GB reserved,      68.94 MB (  6%) committed. 

Chunk freelists:
   Non-Class:  4.74 MB
       Class:  6.09 MB
        Both:  10.83 MB

MaxMetaspaceSize: unlimited
CompressedClassSpaceSize: 1.00 GB
Initial GC threshold: 21.00 MB
Current GC threshold: 98.25 MB
CDS: on
MetaspaceReclaimPolicy: balanced
 - commit_granule_bytes: 65536.
 - commit_granule_words: 8192.
 - virtual_space_node_default_size: 8388608.
 - enlarge_chunks_in_place: 1.
 - new_chunks_are_fully_committed: 0.
 - uncommit_free_chunks: 1.
 - use_allocation_guard: 0.
 - handle_deallocations: 1.


Internal statistics:

num_allocs_failed_limit: 9.
num_arena_births: 770.
num_arena_deaths: 0.
num_vsnodes_births: 2.
num_vsnodes_deaths: 0.
num_space_committed: 1103.
num_space_uncommitted: 0.
num_chunks_returned_to_freelist: 9.
num_chunks_taken_from_freelist: 3247.
num_chunk_merges: 9.
num_chunk_splits: 2352.
num_chunks_enlarged: 1853.
num_inconsistent_stats: 0.

CodeHeap 'non-profiled nmethods': size=119168Kb used=3249Kb max_used=3249Kb free=115918Kb
 bounds [0x000001a6342a0000, 0x000001a6345d0000, 0x000001a63b700000]
CodeHeap 'profiled nmethods': size=119104Kb used=11752Kb max_used=11752Kb free=107351Kb
 bounds [0x000001a62c700000, 0x000001a62d280000, 0x000001a633b50000]
CodeHeap 'non-nmethods': size=7488Kb used=1918Kb max_used=3100Kb free=5569Kb
 bounds [0x000001a633b50000, 0x000001a633e70000, 0x000001a6342a0000]
 total_blobs=6574 nmethods=5887 adapters=598
 compilation: enabled
              stopped_count=0, restarted_count=0
 full_count=0

Compilation events (20 events):
Event: 12.906 Thread 0x000001a68a370370 6611   !   2       org.springframework.aop.framework.autoproxy.BeanFactoryAdvisorRetrievalHelper::findAdvisorBeans (242 bytes)
Event: 12.906 Thread 0x000001a689df7760 6612       2       org.springframework.aop.framework.autoproxy.AbstractAdvisorAutoProxyCreator$BeanFactoryAdvisorRetrievalHelperAdapter::isEligibleBean (9 bytes)
Event: 12.906 Thread 0x000001a689df7760 nmethod 6612 0x000001a62d273e10 code [0x000001a62d273fa0, 0x000001a62d2740b8]
Event: 12.906 Thread 0x000001a643a0cfb0 nmethod 6610 0x000001a62d274190 code [0x000001a62d274340, 0x000001a62d274518]
Event: 12.906 Thread 0x000001a689df7760 6615   !   2       org.springframework.aop.aspectj.annotation.BeanFactoryAspectJAdvisorsBuilder::buildAspectJAdvisors (515 bytes)
Event: 12.906 Thread 0x000001a643a0cfb0 6613       2       org.springframework.beans.factory.support.DefaultSingletonBeanRegistry::isCurrentlyInCreation (33 bytes)
Event: 12.906 Thread 0x000001a643833ad0 nmethod 6609 0x000001a62d274690 code [0x000001a62d274860, 0x000001a62d274ab8]
Event: 12.906 Thread 0x000001a643833ad0 6614       2       org.springframework.beans.factory.support.AbstractBeanFactory::isActuallyInCreation (22 bytes)
Event: 12.907 Thread 0x000001a643a0cfb0 nmethod 6613 0x000001a62d274c90 code [0x000001a62d274e60, 0x000001a62d2750c8]
Event: 12.907 Thread 0x000001a643833ad0 nmethod 6614 0x000001a62d275210 code [0x000001a62d2753c0, 0x000001a62d275558]
Event: 12.908 Thread 0x000001a68a370370 nmethod 6611 0x000001a62d275690 code [0x000001a62d2759a0, 0x000001a62d2766f8]
Event: 12.909 Thread 0x000001a689df7760 nmethod 6615 0x000001a62d276f90 code [0x000001a62d2773e0, 0x000001a62d2787f8]
Event: 13.434 Thread 0x000001a689df7760 6617       2       java.util.concurrent.locks.LockSupport::setBlocker (12 bytes)
Event: 13.434 Thread 0x000001a643a0cfb0 6618       2       jdk.internal.misc.Unsafe::putReferenceOpaque (9 bytes)
Event: 13.434 Thread 0x000001a689df7760 nmethod 6617 0x000001a62d279d10 code [0x000001a62d279ea0, 0x000001a62d279fc8]
Event: 13.434 Thread 0x000001a643a0cfb0 nmethod 6618 0x000001a62d27a090 code [0x000001a62d27a220, 0x000001a62d27a378]
Event: 13.653 Thread 0x000001a643833ad0 6619       2       java.util.concurrent.locks.AbstractQueuedSynchronizer$ConditionObject::canReacquire (28 bytes)
Event: 13.653 Thread 0x000001a643833ad0 nmethod 6619 0x000001a62d27a410 code [0x000001a62d27a5a0, 0x000001a62d27a778]
Event: 13.871 Thread 0x000001a643833ad0 6620       2       java.util.concurrent.TimeUnit::convert (77 bytes)
Event: 13.872 Thread 0x000001a643833ad0 nmethod 6620 0x000001a62d27a890 code [0x000001a62d27aa80, 0x000001a62d27ad48]

GC Heap History (20 events):
Event: 4.995 GC heap before
{Heap before GC invocations=6 (full 0):
 garbage-first heap   total 55296K, used 37405K [0x0000000085200000, 0x0000000100000000)
  region size 1024K, 21 young (21504K), 1 survivors (1024K)
 Metaspace       used 26819K, committed 27200K, reserved 1114112K
  class space    used 3485K, committed 3648K, reserved 1048576K
}
Event: 5.000 GC heap after
{Heap after GC invocations=7 (full 0):
 garbage-first heap   total 55296K, used 17849K [0x0000000085200000, 0x0000000100000000)
  region size 1024K, 2 young (2048K), 2 survivors (2048K)
 Metaspace       used 26819K, committed 27200K, reserved 1114112K
  class space    used 3485K, committed 3648K, reserved 1048576K
}
Event: 5.568 GC heap before
{Heap before GC invocations=7 (full 0):
 garbage-first heap   total 55296K, used 39353K [0x0000000085200000, 0x0000000100000000)
  region size 1024K, 23 young (23552K), 2 survivors (2048K)
 Metaspace       used 29987K, committed 30336K, reserved 1114112K
  class space    used 3959K, committed 4096K, reserved 1048576K
}
Event: 5.574 GC heap after
{Heap after GC invocations=8 (full 0):
 garbage-first heap   total 55296K, used 19592K [0x0000000085200000, 0x0000000100000000)
  region size 1024K, 3 young (3072K), 3 survivors (3072K)
 Metaspace       used 29987K, committed 30336K, reserved 1114112K
  class space    used 3959K, committed 4096K, reserved 1048576K
}
Event: 6.470 GC heap before
{Heap before GC invocations=8 (full 0):
 garbage-first heap   total 55296K, used 40072K [0x0000000085200000, 0x0000000100000000)
  region size 1024K, 23 young (23552K), 3 survivors (3072K)
 Metaspace       used 34973K, committed 35392K, reserved 1114112K
  class space    used 4658K, committed 4864K, reserved 1048576K
}
Event: 6.476 GC heap after
{Heap after GC invocations=9 (full 0):
 garbage-first heap   total 55296K, used 20644K [0x0000000085200000, 0x0000000100000000)
  region size 1024K, 1 young (1024K), 1 survivors (1024K)
 Metaspace       used 34973K, committed 35392K, reserved 1114112K
  class space    used 4658K, committed 4864K, reserved 1048576K
}
Event: 6.547 GC heap before
{Heap before GC invocations=9 (full 0):
 garbage-first heap   total 55296K, used 23716K [0x0000000085200000, 0x0000000100000000)
  region size 1024K, 5 young (5120K), 1 survivors (1024K)
 Metaspace       used 35742K, committed 36096K, reserved 1114112K
  class space    used 4816K, committed 4992K, reserved 1048576K
}
Event: 6.549 GC heap after
{Heap after GC invocations=10 (full 0):
 garbage-first heap   total 55296K, used 20775K [0x0000000085200000, 0x0000000100000000)
  region size 1024K, 2 young (2048K), 2 survivors (2048K)
 Metaspace       used 35742K, committed 36096K, reserved 1114112K
  class space    used 4816K, committed 4992K, reserved 1048576K
}
Event: 7.601 GC heap before
{Heap before GC invocations=11 (full 0):
 garbage-first heap   total 55296K, used 41255K [0x0000000085200000, 0x0000000100000000)
  region size 1024K, 22 young (22528K), 2 survivors (2048K)
 Metaspace       used 44309K, committed 44736K, reserved 1114112K
  class space    used 5926K, committed 6144K, reserved 1048576K
}
Event: 7.607 GC heap after
{Heap after GC invocations=12 (full 0):
 garbage-first heap   total 81920K, used 22692K [0x0000000085200000, 0x0000000100000000)
  region size 1024K, 3 young (3072K), 3 survivors (3072K)
 Metaspace       used 44309K, committed 44736K, reserved 1114112K
  class space    used 5926K, committed 6144K, reserved 1048576K
}
Event: 7.627 GC heap before
{Heap before GC invocations=12 (full 0):
 garbage-first heap   total 81920K, used 23716K [0x0000000085200000, 0x0000000100000000)
  region size 1024K, 4 young (4096K), 3 survivors (3072K)
 Metaspace       used 44542K, committed 44928K, reserved 1114112K
  class space    used 5966K, committed 6144K, reserved 1048576K
}
Event: 7.631 GC heap after
{Heap after GC invocations=13 (full 0):
 garbage-first heap   total 81920K, used 22761K [0x0000000085200000, 0x0000000100000000)
  region size 1024K, 1 young (1024K), 1 survivors (1024K)
 Metaspace       used 44542K, committed 44928K, reserved 1114112K
  class space    used 5966K, committed 6144K, reserved 1048576K
}
Event: 8.891 GC heap before
{Heap before GC invocations=13 (full 0):
 garbage-first heap   total 81920K, used 61673K [0x0000000085200000, 0x0000000100000000)
  region size 1024K, 40 young (40960K), 1 survivors (1024K)
 Metaspace       used 54410K, committed 54976K, reserved 1114112K
  class space    used 7397K, committed 7680K, reserved 1048576K
}
Event: 8.900 GC heap after
{Heap after GC invocations=14 (full 0):
 garbage-first heap   total 81920K, used 24163K [0x0000000085200000, 0x0000000100000000)
  region size 1024K, 2 young (2048K), 2 survivors (2048K)
 Metaspace       used 54410K, committed 54976K, reserved 1114112K
  class space    used 7397K, committed 7680K, reserved 1048576K
}
Event: 10.187 GC heap before
{Heap before GC invocations=14 (full 0):
 garbage-first heap   total 81920K, used 51811K [0x0000000085200000, 0x0000000100000000)
  region size 1024K, 30 young (30720K), 2 survivors (2048K)
 Metaspace       used 59727K, committed 60288K, reserved 1114112K
  class space    used 8225K, committed 8512K, reserved 1048576K
}
Event: 10.195 GC heap after
{Heap after GC invocations=15 (full 0):
 garbage-first heap   total 81920K, used 25527K [0x0000000085200000, 0x0000000100000000)
  region size 1024K, 4 young (4096K), 4 survivors (4096K)
 Metaspace       used 59727K, committed 60288K, reserved 1114112K
  class space    used 8225K, committed 8512K, reserved 1048576K
}
Event: 11.989 GC heap before
{Heap before GC invocations=16 (full 0):
 garbage-first heap   total 81920K, used 64439K [0x0000000085200000, 0x0000000100000000)
  region size 1024K, 42 young (43008K), 4 survivors (4096K)
 Metaspace       used 65468K, committed 66048K, reserved 1114112K
  class space    used 9175K, committed 9472K, reserved 1048576K
}
Event: 12.000 GC heap after
{Heap after GC invocations=17 (full 0):
 garbage-first heap   total 81920K, used 28457K [0x0000000085200000, 0x0000000100000000)
  region size 1024K, 6 young (6144K), 6 survivors (6144K)
 Metaspace       used 65468K, committed 66048K, reserved 1114112K
  class space    used 9175K, committed 9472K, reserved 1048576K
}
Event: 12.465 GC heap before
{Heap before GC invocations=17 (full 0):
 garbage-first heap   total 81920K, used 65321K [0x0000000085200000, 0x0000000100000000)
  region size 1024K, 42 young (43008K), 6 survivors (6144K)
 Metaspace       used 67640K, committed 68224K, reserved 1114112K
  class space    used 9575K, committed 9856K, reserved 1048576K
}
Event: 12.478 GC heap after
{Heap after GC invocations=18 (full 0):
 garbage-first heap   total 81920K, used 29943K [0x0000000085200000, 0x0000000100000000)
  region size 1024K, 5 young (5120K), 5 survivors (5120K)
 Metaspace       used 67640K, committed 68224K, reserved 1114112K
  class space    used 9575K, committed 9856K, reserved 1048576K
}

Deoptimization events (20 events):
Event: 12.341 Thread 0x000001a624e1ff80 Uncommon trap: trap_request=0xffffffd6 fr.pc=0x000001a6345b78a8 relative=0x0000000000003748
Event: 12.341 Thread 0x000001a624e1ff80 Uncommon trap: reason=array_check action=maybe_recompile pc=0x000001a6345b78a8 method=org.antlr.v4.runtime.misc.Array2DHashSet.getOrAddImpl(Ljava/lang/Object;)Ljava/lang/Object; @ 36 c2
Event: 12.341 Thread 0x000001a624e1ff80 DEOPT PACKING pc=0x000001a6345b78a8 sp=0x00000042a86f6ab0
Event: 12.341 Thread 0x000001a624e1ff80 DEOPT UNPACKING pc=0x000001a633ba23a3 sp=0x00000042a86f6920 mode 2
Event: 12.344 Thread 0x000001a624e1ff80 Uncommon trap: trap_request=0xffffffd6 fr.pc=0x000001a6345b78a8 relative=0x0000000000003748
Event: 12.344 Thread 0x000001a624e1ff80 Uncommon trap: reason=array_check action=maybe_recompile pc=0x000001a6345b78a8 method=org.antlr.v4.runtime.misc.Array2DHashSet.getOrAddImpl(Ljava/lang/Object;)Ljava/lang/Object; @ 36 c2
Event: 12.344 Thread 0x000001a624e1ff80 DEOPT PACKING pc=0x000001a6345b78a8 sp=0x00000042a86f81e0
Event: 12.344 Thread 0x000001a624e1ff80 DEOPT UNPACKING pc=0x000001a633ba23a3 sp=0x00000042a86f8050 mode 2
Event: 12.783 Thread 0x000001a624e1ff80 Uncommon trap: trap_request=0xffffffde fr.pc=0x000001a6344d3010 relative=0x00000000000000d0
Event: 12.783 Thread 0x000001a624e1ff80 Uncommon trap: reason=class_check action=maybe_recompile pc=0x000001a6344d3010 method=org.springframework.core.SerializableTypeWrapper.unwrap(Ljava/lang/reflect/Type;)Ljava/lang/reflect/Type; @ 10 c2
Event: 12.783 Thread 0x000001a624e1ff80 DEOPT PACKING pc=0x000001a6344d3010 sp=0x00000042a86fad00
Event: 12.783 Thread 0x000001a624e1ff80 DEOPT UNPACKING pc=0x000001a633ba23a3 sp=0x00000042a86fac88 mode 2
Event: 12.784 Thread 0x000001a624e1ff80 Uncommon trap: trap_request=0xffffffde fr.pc=0x000001a6344d3010 relative=0x00000000000000d0
Event: 12.784 Thread 0x000001a624e1ff80 Uncommon trap: reason=class_check action=maybe_recompile pc=0x000001a6344d3010 method=org.springframework.core.SerializableTypeWrapper.unwrap(Ljava/lang/reflect/Type;)Ljava/lang/reflect/Type; @ 10 c2
Event: 12.784 Thread 0x000001a624e1ff80 DEOPT PACKING pc=0x000001a6344d3010 sp=0x00000042a86faa90
Event: 12.784 Thread 0x000001a624e1ff80 DEOPT UNPACKING pc=0x000001a633ba23a3 sp=0x00000042a86faa18 mode 2
Event: 12.784 Thread 0x000001a624e1ff80 Uncommon trap: trap_request=0xffffffde fr.pc=0x000001a6344d3010 relative=0x00000000000000d0
Event: 12.784 Thread 0x000001a624e1ff80 Uncommon trap: reason=class_check action=maybe_recompile pc=0x000001a6344d3010 method=org.springframework.core.SerializableTypeWrapper.unwrap(Ljava/lang/reflect/Type;)Ljava/lang/reflect/Type; @ 10 c2
Event: 12.784 Thread 0x000001a624e1ff80 DEOPT PACKING pc=0x000001a6344d3010 sp=0x00000042a86fad00
Event: 12.784 Thread 0x000001a624e1ff80 DEOPT UNPACKING pc=0x000001a633ba23a3 sp=0x00000042a86fac88 mode 2

Classes unloaded (0 events):
No events

Classes redefined (0 events):
No events

Internal exceptions (20 events):
Event: 9.897 Thread 0x000001a624e1ff80 Exception <a 'java/lang/NoSuchMethodError'{0x0000000088b369f8}: 'java.lang.Object java.lang.invoke.Invokers$Holder.linkToTargetMethod(java.lang.Object, java.lang.Object, java.lang.Object, java.lang.Object, java.lang.Object, java.lang.Object, int, java.lang.Object)'> (0x0000000088b369f8) 
thrown [s\open\src\hotspot\share\interpreter\linkResolver.cpp, line 759]
Event: 9.902 Thread 0x000001a68aa2e110 Exception <a 'java/io/FileNotFoundException'{0x0000000088ba9738}> (0x0000000088ba9738) 
thrown [s\open\src\hotspot\share\prims\jni.cpp, line 516]
Event: 10.543 Thread 0x000001a624e1ff80 Exception <a 'java/lang/NoSuchMethodError'{0x000000008cdfd660}: 'java.lang.Object java.lang.invoke.DirectMethodHandle$Holder.invokeSpecial(java.lang.Object, java.lang.Object, int, java.lang.Object, int)'> (0x000000008cdfd660) 
thrown [s\open\src\hotspot\share\interpreter\linkResolver.cpp, line 759]
Event: 11.036 Thread 0x000001a624e1ff80 Exception <a 'java/lang/IncompatibleClassChangeError'{0x0000000089b19690}: Found class java.lang.Object, but interface was expected> (0x0000000089b19690) 
thrown [s\open\src\hotspot\share\interpreter\linkResolver.cpp, line 826]
Event: 11.099 Thread 0x000001a624e1ff80 Exception <a 'java/lang/IncompatibleClassChangeError'{0x0000000089aca970}: Found class java.lang.Object, but interface was expected> (0x0000000089aca970) 
thrown [s\open\src\hotspot\share\interpreter\linkResolver.cpp, line 826]
Event: 11.234 Thread 0x000001a624e1ff80 Implicit null exception at 0x000001a63454d61b to 0x000001a63454e1b8
Event: 11.339 Thread 0x000001a624e1ff80 Exception <a 'java/lang/IncompatibleClassChangeError'{0x00000000893fbf88}: Found class java.lang.Object, but interface was expected> (0x00000000893fbf88) 
thrown [s\open\src\hotspot\share\interpreter\linkResolver.cpp, line 826]
Event: 11.432 Thread 0x000001a624e1ff80 Exception <a 'java/lang/reflect/InvocationTargetException'{0x000000008907a7b8}> (0x000000008907a7b8) 
thrown [s\open\src\hotspot\share\runtime\reflection.cpp, line 1121]
Event: 11.475 Thread 0x000001a624e1ff80 Exception <a 'java/lang/reflect/InvocationTargetException'{0x0000000088f98038}> (0x0000000088f98038) 
thrown [s\open\src\hotspot\share\runtime\reflection.cpp, line 1121]
Event: 11.493 Thread 0x000001a624e1ff80 Exception <a 'java/lang/IncompatibleClassChangeError'{0x0000000088e172a8}: Found class java.lang.Object, but interface was expected> (0x0000000088e172a8) 
thrown [s\open\src\hotspot\share\interpreter\linkResolver.cpp, line 826]
Event: 11.494 Thread 0x000001a624e1ff80 Exception <a 'java/lang/IncompatibleClassChangeError'{0x0000000088e1de58}: Found class java.lang.Object, but interface was expected> (0x0000000088e1de58) 
thrown [s\open\src\hotspot\share\interpreter\linkResolver.cpp, line 826]
Event: 11.581 Thread 0x000001a624e1ff80 Exception <a 'java/lang/NoSuchMethodError'{0x0000000088db6038}: 'java.lang.Object java.lang.invoke.DirectMethodHandle$Holder.invokeStatic(java.lang.Object, int, java.lang.Object)'> (0x0000000088db6038) 
thrown [s\open\src\hotspot\share\interpreter\linkResolver.cpp, line 759]
Event: 11.589 Thread 0x000001a624e1ff80 Exception <a 'java/lang/reflect/InvocationTargetException'{0x0000000088de2938}> (0x0000000088de2938) 
thrown [s\open\src\hotspot\share\runtime\reflection.cpp, line 1121]
Event: 11.591 Thread 0x000001a624e1ff80 Exception <a 'java/lang/reflect/InvocationTargetException'{0x0000000088deed08}> (0x0000000088deed08) 
thrown [s\open\src\hotspot\share\runtime\reflection.cpp, line 1121]
Event: 11.622 Thread 0x000001a624e1ff80 Exception <a 'java/lang/reflect/InvocationTargetException'{0x0000000088b4b4d0}> (0x0000000088b4b4d0) 
thrown [s\open\src\hotspot\share\runtime\reflection.cpp, line 1121]
Event: 12.572 Thread 0x000001a624e1ff80 Exception <a 'java/lang/reflect/InvocationTargetException'{0x0000000089fc0ab0}> (0x0000000089fc0ab0) 
thrown [s\open\src\hotspot\share\runtime\reflection.cpp, line 1121]
Event: 12.605 Thread 0x000001a624e1ff80 Exception <a 'java/lang/reflect/InvocationTargetException'{0x0000000089d18938}> (0x0000000089d18938) 
thrown [s\open\src\hotspot\share\runtime\reflection.cpp, line 1121]
Event: 12.610 Thread 0x000001a624e1ff80 Exception <a 'java/lang/reflect/InvocationTargetException'{0x0000000089d32b80}> (0x0000000089d32b80) 
thrown [s\open\src\hotspot\share\runtime\reflection.cpp, line 1121]
Event: 12.618 Thread 0x000001a624e1ff80 Exception <a 'java/lang/reflect/InvocationTargetException'{0x0000000089d3e378}> (0x0000000089d3e378) 
thrown [s\open\src\hotspot\share\runtime\reflection.cpp, line 1121]
Event: 12.670 Thread 0x000001a624e1ff80 Exception <a 'java/lang/reflect/InvocationTargetException'{0x0000000089ce3e90}> (0x0000000089ce3e90) 
thrown [s\open\src\hotspot\share\runtime\reflection.cpp, line 1121]

VM Operations (20 events):
Event: 10.187 Executing VM operation: CollectForMetadataAllocation
Event: 10.195 Executing VM operation: CollectForMetadataAllocation done
Event: 10.209 Executing VM operation: G1Concurrent
Event: 10.216 Executing VM operation: G1Concurrent done
Event: 10.222 Executing VM operation: G1Concurrent
Event: 10.222 Executing VM operation: G1Concurrent done
Event: 11.235 Executing VM operation: Cleanup
Event: 11.235 Executing VM operation: Cleanup done
Event: 11.360 Executing VM operation: HandshakeAllThreads
Event: 11.360 Executing VM operation: HandshakeAllThreads done
Event: 11.900 Executing VM operation: HandshakeAllThreads
Event: 11.900 Executing VM operation: HandshakeAllThreads done
Event: 11.989 Executing VM operation: G1CollectForAllocation
Event: 12.000 Executing VM operation: G1CollectForAllocation done
Event: 12.017 Executing VM operation: HandshakeAllThreads
Event: 12.017 Executing VM operation: HandshakeAllThreads done
Event: 12.465 Executing VM operation: G1CollectForAllocation
Event: 12.478 Executing VM operation: G1CollectForAllocation done
Event: 13.480 Executing VM operation: Cleanup
Event: 13.480 Executing VM operation: Cleanup done

Events (20 events):
Event: 11.273 loading class java/util/WeakHashMap$EntryIterator done
Event: 11.351 loading class java/lang/Package$1PackageInfoProxy
Event: 11.351 loading class java/lang/Package$1PackageInfoProxy done
Event: 11.385 loading class java/util/stream/ReduceOps$5
Event: 11.385 loading class java/util/stream/ReduceOps$5 done
Event: 11.385 loading class java/util/stream/ReduceOps$CountingSink$OfRef
Event: 11.386 loading class java/util/stream/ReduceOps$CountingSink$OfRef done
Event: 11.450 loading class java/util/regex/Pattern$Bound
Event: 11.450 loading class java/util/regex/Pattern$Bound done
Event: 11.452 loading class java/util/regex/Pattern$Behind
Event: 11.452 loading class java/util/regex/Pattern$Behind done
Event: 11.642 loading class java/util/EmptyStackException
Event: 11.642 loading class java/util/EmptyStackException done
Event: 11.875 loading class java/io/InvalidClassException
Event: 11.876 loading class java/io/InvalidClassException done
Event: 12.725 loading class java/util/LinkedList$LLSpliterator
Event: 12.726 loading class java/util/LinkedList$LLSpliterator done
Event: 12.727 loading class sun/reflect/annotation/AnnotationInvocationHandler$1
Event: 12.728 loading class sun/reflect/annotation/AnnotationInvocationHandler$1 done
Event: 13.435 Thread 0x000001a68a370370 Thread exited: 0x000001a68a370370


Dynamic libraries:
0x00007ff6ae110000 - 0x00007ff6ae120000 	C:\Program Files\Java\jdk-17\bin\java.exe
0x00007fff7bbc0000 - 0x00007fff7be20000 	C:\WINDOWS\SYSTEM32\ntdll.dll
0x00007fff7a800000 - 0x00007fff7a8c7000 	C:\WINDOWS\System32\KERNEL32.DLL
0x00007fff78da0000 - 0x00007fff7916a000 	C:\WINDOWS\System32\KERNELBASE.dll
0x00007fff79870000 - 0x00007fff799bb000 	C:\WINDOWS\System32\ucrtbase.dll
0x00007fff57340000 - 0x00007fff5735b000 	C:\Program Files\Java\jdk-17\bin\VCRUNTIME140.dll
0x00007fff54140000 - 0x00007fff54159000 	C:\Program Files\Java\jdk-17\bin\jli.dll
0x00007fff7b0b0000 - 0x00007fff7b162000 	C:\WINDOWS\System32\ADVAPI32.dll
0x00007fff7a580000 - 0x00007fff7a629000 	C:\WINDOWS\System32\msvcrt.dll
0x00007fff7a630000 - 0x00007fff7a6d6000 	C:\WINDOWS\System32\sechost.dll
0x00007fff7a6e0000 - 0x00007fff7a7f6000 	C:\WINDOWS\System32\RPCRT4.dll
0x00007fff7b9b0000 - 0x00007fff7bb7c000 	C:\WINDOWS\System32\USER32.dll
0x00007fff79400000 - 0x00007fff79427000 	C:\WINDOWS\System32\win32u.dll
0x00007fff44e00000 - 0x00007fff45099000 	C:\WINDOWS\WinSxS\amd64_microsoft.windows.common-controls_6595b64144ccf1df_6.0.26100.3575_none_3e0d5430e32ff727\COMCTL32.dll
0x00007fff7a310000 - 0x00007fff7a33a000 	C:\WINDOWS\System32\GDI32.dll
0x00007fff792c0000 - 0x00007fff793f1000 	C:\WINDOWS\System32\gdi32full.dll
0x00007fff797c0000 - 0x00007fff79863000 	C:\WINDOWS\System32\msvcp_win.dll
0x00007fff65160000 - 0x00007fff6516b000 	C:\WINDOWS\SYSTEM32\VERSION.dll
0x00007fff7a8d0000 - 0x00007fff7a8ff000 	C:\WINDOWS\System32\IMM32.DLL
0x00007fff6f100000 - 0x00007fff6f10c000 	C:\Program Files\Java\jdk-17\bin\vcruntime140_1.dll
0x00007fff38f10000 - 0x00007fff38f9e000 	C:\Program Files\Java\jdk-17\bin\msvcp140.dll
0x00007ffec5690000 - 0x00007ffec6271000 	C:\Program Files\Java\jdk-17\bin\server\jvm.dll
0x00007fff7b260000 - 0x00007fff7b268000 	C:\WINDOWS\System32\PSAPI.DLL
0x00007fff4f760000 - 0x00007fff4f76a000 	C:\WINDOWS\SYSTEM32\WSOCK32.dll
0x00007fff70510000 - 0x00007fff70546000 	C:\WINDOWS\SYSTEM32\WINMM.dll
0x00007fff7a500000 - 0x00007fff7a574000 	C:\WINDOWS\System32\WS2_32.dll
0x00007fff77bb0000 - 0x00007fff77bca000 	C:\WINDOWS\SYSTEM32\kernel.appcore.dll
0x00007fff5b550000 - 0x00007fff5b55a000 	C:\Program Files\Java\jdk-17\bin\jimage.dll
0x00007fff76540000 - 0x00007fff76781000 	C:\WINDOWS\SYSTEM32\DBGHELP.DLL
0x00007fff79d10000 - 0x00007fff7a093000 	C:\WINDOWS\System32\combase.dll
0x00007fff799c0000 - 0x00007fff79a96000 	C:\WINDOWS\System32\OLEAUT32.dll
0x00007fff52030000 - 0x00007fff52069000 	C:\WINDOWS\SYSTEM32\dbgcore.DLL
0x00007fff79720000 - 0x00007fff797b9000 	C:\WINDOWS\System32\bcryptPrimitives.dll
0x00007fff39200000 - 0x00007fff39225000 	C:\Program Files\Java\jdk-17\bin\java.dll
0x00007fff28900000 - 0x00007fff289d7000 	C:\Program Files\Java\jdk-17\bin\jsvml.dll
0x00007fff7b270000 - 0x00007fff7b999000 	C:\WINDOWS\System32\SHELL32.dll
0x00007fff79430000 - 0x00007fff79598000 	C:\WINDOWS\System32\wintypes.dll
0x00007fff76a20000 - 0x00007fff77273000 	C:\WINDOWS\SYSTEM32\windows.storage.dll
0x00007fff7b170000 - 0x00007fff7b25d000 	C:\WINDOWS\System32\SHCORE.dll
0x00007fff7abb0000 - 0x00007fff7ac15000 	C:\WINDOWS\System32\shlwapi.dll
0x00007fff78cb0000 - 0x00007fff78cdf000 	C:\WINDOWS\SYSTEM32\profapi.dll
0x00007fff4f3a0000 - 0x00007fff4f3b9000 	C:\Program Files\Java\jdk-17\bin\net.dll
0x00007fff6e2c0000 - 0x00007fff6e3de000 	C:\WINDOWS\SYSTEM32\WINHTTP.dll
0x00007fff780d0000 - 0x00007fff7813a000 	C:\WINDOWS\system32\mswsock.dll
0x00007fff4f280000 - 0x00007fff4f296000 	C:\Program Files\Java\jdk-17\bin\nio.dll
0x00007fff4f200000 - 0x00007fff4f218000 	C:\Program Files\Java\jdk-17\bin\zip.dll
0x00007fff4e070000 - 0x00007fff4e07a000 	C:\Program Files\Java\jdk-17\bin\management.dll
0x00007fff4c3a0000 - 0x00007fff4c3ab000 	C:\Program Files\Java\jdk-17\bin\management_ext.dll
0x00007fff496a0000 - 0x00007fff496ae000 	C:\Program Files\Java\jdk-17\bin\sunmscapi.dll
0x00007fff795a0000 - 0x00007fff79717000 	C:\WINDOWS\System32\CRYPT32.dll
0x00007fff78570000 - 0x00007fff785a0000 	C:\WINDOWS\SYSTEM32\ncrypt.dll
0x00007fff78520000 - 0x00007fff7855f000 	C:\WINDOWS\SYSTEM32\NTASN1.dll
0x00007fff78370000 - 0x00007fff7838c000 	C:\WINDOWS\SYSTEM32\CRYPTSP.dll
0x00007fff77b10000 - 0x00007fff77b4a000 	C:\WINDOWS\system32\rsaenh.dll
0x00007fff78170000 - 0x00007fff7819b000 	C:\WINDOWS\SYSTEM32\USERENV.dll
0x00007fff785b0000 - 0x00007fff785d6000 	C:\WINDOWS\SYSTEM32\bcrypt.dll
0x00007fff78390000 - 0x00007fff7839c000 	C:\WINDOWS\SYSTEM32\CRYPTBASE.dll
0x00007fff77670000 - 0x00007fff776a3000 	C:\WINDOWS\SYSTEM32\IPHLPAPI.DLL
0x00007fff7a2d0000 - 0x00007fff7a2da000 	C:\WINDOWS\System32\NSI.dll
0x00007fff70170000 - 0x00007fff7018f000 	C:\WINDOWS\SYSTEM32\dhcpcsvc6.DLL
0x00007fff70140000 - 0x00007fff70165000 	C:\WINDOWS\SYSTEM32\dhcpcsvc.DLL
0x00007fff776b0000 - 0x00007fff777d5000 	C:\WINDOWS\SYSTEM32\DNSAPI.dll
0x00007fff4f400000 - 0x00007fff4f410000 	C:\Program Files\Java\jdk-17\bin\verify.dll
0x00007fff6dfd0000 - 0x00007fff6dfdb000 	C:\Windows\System32\rasadhlp.dll
0x00007fff70810000 - 0x00007fff70895000 	C:\WINDOWS\System32\fwpuclnt.dll

dbghelp: loaded successfully - version: 4.0.5 - missing functions: none
symbol engine: initialized successfully - sym options: 0x614 - pdb path: .;C:\Program Files\Java\jdk-17\bin;C:\WINDOWS\SYSTEM32;C:\WINDOWS\WinSxS\amd64_microsoft.windows.common-controls_6595b64144ccf1df_6.0.26100.3575_none_3e0d5430e32ff727;C:\Program Files\Java\jdk-17\bin\server

VM Arguments:
java_command: C:\Users\ronte\AppData\Local\Temp\surefire7472967290216166911\surefirebooter-20250430213837795_3.jar C:\Users\ronte\AppData\Local\Temp\surefire7472967290216166911 2025-04-30T21-38-37_552-jvmRun1 surefire-20250430213837795_1tmp surefire_0-20250430213837795_2tmp
java_class_path (initial): C:\Users\ronte\AppData\Local\Temp\surefire7472967290216166911\surefirebooter-20250430213837795_3.jar
Launcher Type: SUN_STANDARD

[Global flags]
     intx CICompilerCount                          = 12                                        {product} {ergonomic}
     uint ConcGCThreads                            = 3                                         {product} {ergonomic}
     uint G1ConcRefinementThreads                  = 13                                        {product} {ergonomic}
   size_t G1HeapRegionSize                         = 1048576                                   {product} {ergonomic}
    uintx GCDrainStackTargetSize                   = 64                                        {product} {ergonomic}
   size_t InitialHeapSize                          = 130023424                                 {product} {ergonomic}
   size_t MarkStackSize                            = 4194304                                   {product} {ergonomic}
   size_t MaxHeapSize                              = 2061500416                                {product} {ergonomic}
   size_t MaxNewSize                               = 1236271104                                {product} {ergonomic}
   size_t MinHeapDeltaBytes                        = 1048576                                   {product} {ergonomic}
   size_t MinHeapSize                              = 8388608                                   {product} {ergonomic}
    uintx NonNMethodCodeHeapSize                   = 7602480                                {pd product} {ergonomic}
    uintx NonProfiledCodeHeapSize                  = 122027880                              {pd product} {ergonomic}
    uintx ProfiledCodeHeapSize                     = 122027880                              {pd product} {ergonomic}
    uintx ReservedCodeCacheSize                    = 251658240                              {pd product} {ergonomic}
     bool SegmentedCodeCache                       = true                                      {product} {ergonomic}
   size_t SoftMaxHeapSize                          = 2061500416                             {manageable} {ergonomic}
     bool UseCompressedClassPointers               = true                           {product lp64_product} {ergonomic}
     bool UseCompressedOops                        = true                           {product lp64_product} {ergonomic}
     bool UseG1GC                                  = true                                      {product} {ergonomic}
     bool UseLargePagesIndividualAllocation        = false                                  {pd product} {ergonomic}

Logging:
Log output configuration:
 #0: stdout all=warning uptime,level,tags
 #1: stderr all=off uptime,level,tags

Environment Variables:
JAVA_HOME=C:\Program Files\Java\jdk-21\
PATH=c:\Users\ronte\AppData\Local\Programs\cursor\resources\app\bin;C:\Python313\Scripts\;C:\Python313\;D:\oracle_19c\db_home\bin;C:\oracle\product\10.2.0\db_1\bin;C:\Program Files\Common Files\Oracle\Java\javapath;C:\windows\system32;C:\windows;C:\windows\System32\Wbem;C:\windows\System32\WindowsPowerShell\v1.0\;C:\windows\System32\OpenSSH\;C:\Program Files\HP\HP One Agent;C:\WINDOWS\system32;C:\WINDOWS;C:\WINDOWS\System32\Wbem;C:\WINDOWS\System32\WindowsPowerShell\v1.0\;C:\WINDOWS\System32\OpenSSH\;C:\Program Files\nodejs\;C:\ProgramData\chocolatey\bin;C:\Program Files\Git\cmd;C:\Users\ronte\AppData\Local\Microsoft\WindowsApps;C:\Program Files\JetBrains\IntelliJ IDEA Community Edition 2024.1.3\bin;C:\Users\ronte\AppData\Roaming\npm;c:\Users\ronte\AppData\Local\Programs\cursor\resources\app\bin;C:\Users\ronte\Downloads\platform-tools-latest-windows\platform-tools;C:\Users\ronte\Downloads\platform-tools-latest-windows\platform-tools;C:\Program Files\dotnet\;C:\Program Files\Common Files\Autodesk Shared\;C:\Program Files\Microsoft SQL Server\150\Tools\Binn\;C:\Users\ronte\Downloads\platform-tools-latest-windows\platform-tools;;C:\Program Files\Docker\Docker\resources\bin;C:\Users\ronte\AppData\Local\Microsoft\WindowsApps;C:\Program Files\JetBrains\IntelliJ IDEA Community Edition 2024.1.3\bin;;C:\Users\ronte\AppData\Local\Programs\Microsoft VS Code\bin;C:\Users\ronte\AppData\Roaming\npm;%ANDROID_HOME%\platform-tools;%ANDROID_HOME%\tools;%ANDROID_HOME%\emulator;
USERNAME=ronte
OS=Windows_NT
PROCESSOR_IDENTIFIER=Intel64 Family 6 Model 154 Stepping 3, GenuineIntel



---------------  S Y S T E M  ---------------

OS:
 Windows 11 , 64 bit Build 26100 (10.0.26100.3575)
OS uptime: 3 days 23:11 hours
Hyper-V role detected

CPU: total 16 (initial active 16) (8 cores per cpu, 2 threads per core) family 6 model 154 stepping 3 microcode 0x432, cx8, cmov, fxsr, ht, mmx, 3dnowpref, sse, sse2, sse3, ssse3, sse4.1, sse4.2, popcnt, lzcnt, tsc, tscinvbit, avx, avx2, aes, erms, clmul, bmi1, bmi2, adx, sha, fma, vzeroupper, clflush, clflushopt, clwb, hv

Memory: 4k page, system-wide physical 7860M (61M free)
TotalPageFile size 32436M (AvailPageFile size 73M)
current process WorkingSet (physical memory assigned to process): 203M, peak: 244M
current process commit charge ("private bytes"): 321M, peak: 323M

vm_info: Java HotSpot(TM) 64-Bit Server VM (17.0.14+8-LTS-191) for windows-amd64 JRE (17.0.14+8-LTS-191), built on Dec  3 2024 11:07:59 by "mach5one" with MS VC++ 17.6 (VS2022)

END.
